 
                                                                                                                                                                                                                                                                
 
 
Variable Summary

            Measurement    Frequency
Role           Level         Count

INPUT        INTERVAL          6    
INPUT        NOMINAL           3    
REJECTED     INTERVAL          1    
TARGET       NOMINAL           1    
 
                                                                                                                                                                                                                                                                
 
 
Model Events

                                  Number
                   Measurement      of
Target    Event       Level       Levels      Order       Label

target    SELL       NOMINAL         3      Descending         
 
                                                                                                                                                                                                                                                                
 
 
Predicted and decision variables

Type         Variable        Label

TARGET       target                                
PREDICTED    P_targetsell    Predicted: target=sell
RESIDUAL     R_targetsell    Residual: target=sell 
PREDICTED    P_targethold    Predicted: target=hold
RESIDUAL     R_targethold    Residual: target=hold 
PREDICTED    P_targetbuy     Predicted: target=buy 
RESIDUAL     R_targetbuy     Residual: target=buy  
FROM         F_target        From: target          
INTO         I_target        Into: target          
 
                                                                                                                                                                                                                                                                
 
 

The DMREG Procedure

                Model Information

Training Data Set              WORK.EM_DMREG.VIEW
DMDB Catalog                   WORK.REG_DMDB     
Target Variable                target            
Target Measurement Level       Nominal           
Number of Target Categories    3                 
Error                          MBernoulli        
Link Function                  Logit             
Number of Model Parameters     30                
Number of Observations         91                


          Target Profile
 
 Ordered                    Total
   Value     target     Frequency

       1     sell              29
       2     hold              24
       3     buy               38
 
                                                                                                                                                                                                                                                                
 
 

The DMREG Procedure

Newton-Raphson Ridge Optimization

Without Parameter Scaling

Parameter Estimates              24

                                             Optimization Start

Active Constraints                                  0  Objective Function                       98.335070025
Max Abs Gradient Element                 11.868131868                                                       


                                                                                                        Ratio
                                                                                                      Between
                                                                                                       Actual
                                                                 Objective     Max Abs                    and
                     Function         Active        Objective     Function    Gradient              Predicted
Iter     Restarts       Calls    Constraints         Function       Change     Element     Ridge       Change

   1            0           2              0         49.23930      49.0958      2.8447         0        1.095
   2            0           3              0         38.16883      11.0705      1.4845         0        1.324
   3            0           4              0         28.36294       9.8059      0.7377         0        1.436
   4            0           5              0         17.49057      10.8724      0.5125         0        1.304
   5            0           6              0          8.93162       8.5589      0.2080         0        1.293
   6            0           7              0          4.68043       4.2512      0.1143         0        1.301
   7            0           8              0          2.37690       2.3035      0.0359         0        1.314
   8            0           9              0          1.02872       1.3482      0.0132         0        1.304
   9            0          10              0          0.38654       0.6422     0.00502         0        1.270
  10            0          11              0          0.14329       0.2433     0.00175         0        1.265
  11            0          12              0          0.05327       0.0900    0.000668         0        1.265

                                            Optimization Results

Iterations                                         11  Function Calls                                     14
Hessian Calls                                      12  Active Constraints                                  0
Objective Function                         0.05327054  Max Abs Gradient Element                 0.0006678642
Ridge                                               0  Actual Over Pred Change                  1.2653011331

Convergence criterion (ABSCONV=0.09833507) satisfied.                                             


     Likelihood Ratio Test for Global Null Hypothesis: BETA=0
 
     -2 Log Likelihood          Likelihood
  Intercept     Intercept &          Ratio
       Only      Covariates     Chi-Square       DF     Pr > ChiSq

    196.670           0.107       196.5636       22         <.0001


          Type 3 Analysis of Effects
 
                            Wald
Effect          DF    Chi-Square    Pr > ChiSq

LOG_high         1        0.0201        0.8874
LOG_low          1        0.3493        0.5545
LOG_open         2       15.9212        0.0003
LOG_price        1        0.0000        1.0000
REP_volume       2        0.0298        0.9852
change           2        2.3238        0.3129
code             6        1.0085        0.9853
name             0        0.0000         .    
sentiment        4        1.8709        0.7595


                                           Analysis of Maximum Likelihood Estimates
 
                                                               Standard          Wald                  Standardized
Parameter                          target    DF    Estimate       Error    Chi-Square    Pr > ChiSq        Estimate    Exp(Est)

Intercept                          sell       1      -709.0      2012.8          0.12        0.7246                       0.000
Intercept                          hold       1      -901.9      1033.9          0.76        0.3830                       0.000
LOG_high                           sell       1       415.5      2933.4          0.02        0.8874           360.6     999.000
LOG_high                           hold       1       701.0           .           .           .                   .     999.000
LOG_low                            sell       1      2041.8      3454.7          0.35        0.5545          1775.4     999.000
LOG_low                            hold       1      2411.4           .           .           .                   .     999.000
LOG_open                           sell       1     -1064.0      3965.6          0.07        0.7885          -923.5       0.000
LOG_open                           hold       1     -1704.1       427.4         15.89        <.0001         -1479.1       0.000
LOG_price                          sell       1     -1135.2           .           .           .                   .       0.000
LOG_price                          hold       1     -1054.6           .           .           .                   .       0.000
REP_volume                         sell       1    1.314E-6    0.000014          0.01        0.9228          6.1829       1.000
REP_volume                         hold       1     1.81E-6    0.000012          0.02        0.8848          8.5171       1.000
change                             sell       1     -6429.0      4945.8          1.69        0.1936        -48.3587       0.000
change                             hold       1     -4132.6      2928.1          1.99        0.1581        -31.0854       0.000
code       3182                    sell       1     73.0493       282.9          0.07        0.7962                     999.000
code       3182                    hold       1       107.9       131.2          0.68        0.4108                     999.000
code       4707                    sell       1      -671.4      2163.3          0.10        0.7563                       0.000
code       4707                    hold       1      -912.8      1092.0          0.70        0.4032                       0.000
code       5099                    sell       1       289.5       920.7          0.10        0.7532                     999.000
code       5099                    hold       1       385.1       476.5          0.65        0.4189                     999.000
name       AIRASIA GROUP BERHAD    sell       0           0           .           .           .                   .        .   
name       AIRASIA GROUP BERHAD    hold       0           0           .           .           .                   .        .   
name       GENTING BHD             sell       0           0           .           .           .                   .        .   
name       GENTING BHD             hold       0           0           .           .           .                   .        .   
name       HAI-O ENTERPRISE BHD    sell       0           0           .           .           .                   .        .   
name       HAI-O ENTERPRISE BHD    hold       0           0           .           .           .                   .        .   
sentiment  -1                      sell       1       117.5       165.2          0.51        0.4770                     999.000
sentiment  -1                      hold       1     66.3028       180.6          0.13        0.7136                     999.000
sentiment  0                       sell       1     84.5340       108.5          0.61        0.4358                     999.000
sentiment  0                       hold       1     61.9067       104.3          0.35        0.5528                     999.000


                            Odds Ratio Estimates
                                      
                                                                        Point
Effect                                                     target    Estimate

LOG_high                                                   sell       999.000
LOG_high                                                   hold       999.000
LOG_low                                                    sell       999.000
LOG_low                                                    hold       999.000
LOG_open                                                   sell        <0.001
LOG_open                                                   hold        <0.001
LOG_price                                                  sell        <0.001
LOG_price                                                  hold        <0.001
REP_volume                                                 sell         1.000
REP_volume                                                 hold         1.000
change                                                     sell        <0.001
change                                                     hold        <0.001
code       3182 vs 7668                                    sell        <0.001
code       3182 vs 7668                                    hold        <0.001
code       4707 vs 7668                                    sell        <0.001
code       4707 vs 7668                                    hold        <0.001
code       5099 vs 7668                                    sell        <0.001
code       5099 vs 7668                                    hold        <0.001
name       AIRASIA GROUP BERHAD vs NESTLE (M) BHD          sell          .   
name       AIRASIA GROUP BERHAD vs NESTLE (M) BHD          hold          .   
name       GENTING BHD vs NESTLE (M) BHD                   sell          .   
name       GENTING BHD vs NESTLE (M) BHD                   hold          .   
name       HAI-O ENTERPRISE BHD vs NESTLE (M) BHD          sell          .   
name       HAI-O ENTERPRISE BHD vs NESTLE (M) BHD          hold          .   
sentiment  -1 vs 1                                         sell       999.000
sentiment  -1 vs 1                                         hold       999.000
sentiment  0 vs 1                                          sell       999.000
sentiment  0 vs 1                                          hold       999.000
