*------------------------------------------------------------*
* Training Log
Date:                May 29, 2019
Time:                15:37:51
*------------------------------------------------------------*
10866  proc freq data=EMWS6.Reg_VariableSet noprint;
10867  table ROLE*LEVEL/out=WORK.RegMETA;
10868  run;

NOTE: There were 11 observations read from the data set EMWS6.REG_VARIABLESET.
NOTE: The data set WORK.REGMETA has 4 observations and 4 variables.
NOTE: PROCEDURE FREQ used (Total process time):
      real time           0.03 seconds
      cpu time            0.03 seconds
      

10869  proc print data=WORK.RegMETA label noobs;
10870  var ROLE LEVEL COUNT;
10871  label ROLE = "%sysfunc(sasmsg(sashelp.dmine, meta_role_vlabel, NOQUOTE))" LEVEL = "%sysfunc(sasmsg(sashelp.dmine, meta_level_vlabel, NOQUOTE))" COUNT = "%sysfunc(sasmsg(sashelp.dmine, rpt_count_vlabel, NOQUOTE))";
10872  title9 ' ';
10873  title10 "%sysfunc(sasmsg(sashelp.dmine, rpt_varSummary_title  , NOQUOTE))";
10874  run;

NOTE: There were 4 observations read from the data set WORK.REGMETA.
NOTE: The PROCEDURE PRINT printed page 1.
NOTE: PROCEDURE PRINT used (Total process time):
      real time           0.03 seconds
      cpu time            0.03 seconds
      

10875  title10;

10876  %let EMNORLEN = %DMNORLEN;
EMWS6.Impt_TRAIN EMWS6.Impt_TRAIN 
EMWS6.Impt_TRAIN EMWS6.Impt_TRAIN EMWS6 Impt_TRAIN 
EMWS6.Impt_TRAIN EMWS6.Impt_TRAIN 
EMWS6.Impt_TRAIN EMWS6.Impt_TRAIN EMWS6 Impt_TRAIN 
Executing  SASHELP.EMCORE.EMINFOITERATOR.SCL _INIT >> 
Executing  SASHELP.EMCORE.EMINFOITERATOR.SCL setMetaData >> 
Executing  SASHELP.EMCORE.EMINFOITERATOR.SCL next >> 
Executing  SASHELP.EMCORE.EMINFOITERATOR.SCL next >> 
Executing  SASHELP.EMCORE.EMINFOITERATOR.SCL setMetaData >> 
Executing  SASHELP.EMCORE.EMINFOITERATOR.SCL next >> 
Executing  SASHELP.EMCORE.EMINFOITERATOR.SCL next >> 
Executing  SASHELP.EMCORE.EMINFOITERATOR.SCL _term >> 
10905  data WORK.Reg_EVENT(KEEP=VARIABLE LABEL LEVEL EVENT NUMLEVELS ORDER);
10906  length ORDER $20;
10907  label VARIABLE = "%sysfunc(sasmsg(sashelp.dmine, rpt_target_vlabel,  NOQUOTE))" EVENT = "%sysfunc(sasmsg(sashelp.dmine, assmt_event_vlabel, NOQUOTE))" NUMLEVELS = "%sysfunc(sasmsg(sashelp.dmine, rpt_numcat_vlabel, NOQUOTE))" LEVEL =
10908     "%sysfunc(sasmsg(sashelp.dmine, meta_level_vlabel, NOQUOTE))" ORDER = "%sysfunc(sasmsg(sashelp.dmine, meta_order_vlabel, NOQUOTE))" LABEL = "%sysfunc(sasmsg(sashelp.dmine, meta_label_vlabel, NOQUOTE))";
10909  set EMWS6.IDS3_TARGET_DM( where=(_TYPE_="TARGET"));
10910  NumLevels=3;
10911  select(upcase(ORDER));
10912  when('DESC') ORDER = 'Descending';
10913  when('ASC') ORDER = 'Ascending';
10914  when('FMTDESC') ORDER = 'Formatted Descending';
10915  when('FMTASC') ORDER = 'Formatted Ascending';
10916  otherwise ORDER = 'Descending';
10917  end;
10918  output;
10919  run;

NOTE: There were 1 observations read from the data set EMWS6.IDS3_TARGET_DM.
      WHERE _TYPE_='TARGET';
NOTE: The data set WORK.REG_EVENT has 1 observations and 6 variables.
NOTE: DATA statement used (Total process time):
      real time           0.00 seconds
      cpu time            0.00 seconds
      

10920  title9 ' ';
10921  proc print data=WORK.Reg_EVENT noobs label;
10922  var VARIABLE EVENT LEVEL NUMLEVELS ORDER LABEL;
10923  title9 ' ';
10924  title10 "%sysfunc(sasmsg(sashelp.dmine, rpt_modelEvent_title  , NOQUOTE))";
10925  run;

NOTE: There were 1 observations read from the data set WORK.REG_EVENT.
NOTE: The PROCEDURE PRINT printed page 2.
NOTE: PROCEDURE PRINT used (Total process time):
      real time           0.00 seconds
      cpu time            0.00 seconds
      

10926  title10;

"No decisions defined for target "target"." 
10927  proc print data = EMWS6.Ids3_target_DM noobs label;
10928  var _type_ variable label;
10929  where _type_ ^in('MATRIX', 'DECISION', 'TRAINPRIOR', 'DATAPRIOR', 'DECPRIOR');
10930  label _TYPE_ = "%sysfunc(sasmsg(sashelp.dmine, rpt_type_vlabel,     NOQUOTE))" VARIABLE = "%sysfunc(sasmsg(sashelp.dmine, rpt_variable_vlabel, NOQUOTE))" LABEL = "%sysfunc(sasmsg(sashelp.dmine, meta_label_vlabel, NOQUOTE))";
10931  title9 ' ';
10932  title10 "%sysfunc(sasmsg(sashelp.dmine, rpt_predDecVars_title  , NOQUOTE))";
10933  run;

NOTE: There were 9 observations read from the data set EMWS6.IDS3_TARGET_DM.
      WHERE _type_ not in ('DATAPRIOR', 'DECISION', 'DECPRIOR', 'MATRIX', 'TRAINPRIOR');
NOTE: The PROCEDURE PRINT printed page 3.
NOTE: PROCEDURE PRINT used (Total process time):
      real time           0.00 seconds
      cpu time            0.00 seconds
      

10934  title10;

10944  data WORK.M0EUIS6K;
10945  set WORK.M0EUIS6K end=eof;
10946  output;
10947  if eof then do;
10948  NAME="";
10949  ROLE="COST";
10950  LEVEL="INTERVAL";
10951  TYPE="N";
10952  output;
10953  end;
10954  run;

NOTE: There were 10 observations read from the data set WORK.M0EUIS6K.
NOTE: The data set WORK.M0EUIS6K has 11 observations and 21 variables.
NOTE: DATA statement used (Total process time):
      real time           0.01 seconds
      cpu time            0.01 seconds
      

NOTE: There were 3 observations read from the data set EMWS6.IDS3_TARGET_DD.
NOTE: The data set WORK.TARGET has 3 observations and 8 variables.
NOTE: There were 3 observations read from the data set EMWS6.IDS3_TARGET_DD.
NOTE: The data set WORK.TARGET has 3 observations and 8 variables.
10955  *------------------------------------------------------------*;
10956  * Reg: Create decision matrix;
10957  *------------------------------------------------------------*;
10958  data WORK.target;
10959    length   target                           $  32
10960             COUNT                                8
10961             DATAPRIOR                            8
10962             TRAINPRIOR                           8
10963             DECPRIOR                             8
10964             DECISION1                            8
10965             DECISION2                            8
10966             DECISION3                            8
10967             ;
10968  
10969    label    COUNT="Level Counts"
10970             DATAPRIOR="Data Proportions"
10971             TRAINPRIOR="Training Proportions"
10972             DECPRIOR="Decision Priors"
10973             DECISION1="SELL"
10974             DECISION2="HOLD"
10975             DECISION3="BUY"
10976             ;
10977    format   COUNT 10.
10978             ;
10979  target="SELL"; COUNT=59; DATAPRIOR=0.31891891891891; TRAINPRIOR=0.31891891891891; DECPRIOR=.; DECISION1=1; DECISION2=0; DECISION3=0;
10980  output;
10981  target="HOLD"; COUNT=50; DATAPRIOR=0.27027027027027; TRAINPRIOR=0.27027027027027; DECPRIOR=.; DECISION1=0; DECISION2=1; DECISION3=0;
10982  output;
10983  target="BUY"; COUNT=76; DATAPRIOR=0.41081081081081; TRAINPRIOR=0.41081081081081; DECPRIOR=.; DECISION1=0; DECISION2=0; DECISION3=1;
10984  output;
10985  ;
10986  run;

NOTE: The data set WORK.TARGET has 3 observations and 8 variables.
NOTE: DATA statement used (Total process time):
      real time           0.00 seconds
      cpu time            0.00 seconds
      

10987  proc datasets lib=work nolist;
10988  modify target(type=PROFIT label=target);
10989  label DECISION1= 'SELL';
10990  label DECISION2= 'HOLD';
10991  label DECISION3= 'BUY';
10992  run;

NOTE: MODIFY was successful for WORK.TARGET.DATA.
10993  quit;

NOTE: PROCEDURE DATASETS used (Total process time):
      real time           0.01 seconds
      cpu time            0.01 seconds
      

10994  data EM_DMREG / view=EM_DMREG;
10995  set EMWS6.Impt_TRAIN(keep=
10996  LOG_high LOG_low LOG_open LOG_price REP_volume change code name sentiment
10997  target );
10998  run;

NOTE: DATA STEP view saved on file WORK.EM_DMREG.
NOTE: A stored DATA STEP view cannot run under a different operating system.
NOTE: View EMWS6.IMPT_TRAIN.VIEW used (Total process time):
      real time           0.04 seconds
      cpu time            0.04 seconds
      
NOTE: DATA statement used (Total process time):
      real time           0.06 seconds
      cpu time            0.07 seconds
      

10999  *------------------------------------------------------------* ;
11000  * Reg: DMDBClass Macro ;
11001  *------------------------------------------------------------* ;
11002  %macro DMDBClass;
11003      code(ASC) name(ASC) sentiment(ASC) target(DESC)
11004  %mend DMDBClass;
11005  *------------------------------------------------------------* ;
11006  * Reg: DMDBVar Macro ;
11007  *------------------------------------------------------------* ;
11008  %macro DMDBVar;
11009      LOG_high LOG_low LOG_open LOG_price REP_volume change
11010  %mend DMDBVar;
11011  *------------------------------------------------------------*;
11012  * Reg: Create DMDB;
11013  *------------------------------------------------------------*;
11014  proc dmdb batch data=WORK.EM_DMREG
11015  dmdbcat=WORK.Reg_DMDB
11016  maxlevel = 513
11017  ;
11018  class %DMDBClass;
11019  var %DMDBVar;
11020  target
11021  target
11022  ;
11023  run;

NOTE: Records processed = 91   Memory used = 511K.
NOTE: There were 91 observations read from the data set EMWS6.PART_TRAIN.
NOTE: There were 91 observations read from the data set EMWS6.TRANS_TRAIN.
NOTE: View WORK.EM_DMREG.VIEW used (Total process time):
      real time           0.10 seconds
      cpu time            0.11 seconds
      
NOTE: There were 91 observations read from the data set EMWS6.IMPT_TRAIN.
NOTE: There were 91 observations read from the data set WORK.EM_DMREG.
NOTE: PROCEDURE DMDB used (Total process time):
      real time           0.15 seconds
      cpu time            0.17 seconds
      

11024  quit;
11025  *--- end code ---*;

11026  *------------------------------------------------------------*;
11027  * Reg: Run DMREG procedure;
11028  *------------------------------------------------------------*;
11029  proc dmreg data=EM_DMREG dmdbcat=WORK.Reg_DMDB
11030  validata = EMWS6.Impt_VALIDATE
11031  outest = EMWS6.Reg_EMESTIMATE
11032  outterms = EMWS6.Reg_OUTTERMS
11033  outmap= EMWS6.Reg_MAPDS namelen=200
11034  ;
11035  class
11036  target
11037  code
11038  name
11039  sentiment
11040  ;
11041  model target =
11042  LOG_high
11043  LOG_low
11044  LOG_open
11045  LOG_price
11046  REP_volume
11047  change
11048  code
11049  name
11050  sentiment
11051  /level=nominal
11052  coding=DEVIATION
11053  nodesignprint
11054  ;
11055  ;
11056  code file="G:\SASproject\Stock Analysis\Workspaces\EMWS6\Reg\EMPUBLISHSCORE.sas"
11057  group=Reg
11058  ;
11059  code file="G:\SASproject\Stock Analysis\Workspaces\EMWS6\Reg\EMFLOWSCORE.sas"
11060  group=Reg
11061  residual
11062  ;
11063  run;

NOTE: Convergence criterion (ABSCONV=0.09833507) satisfied.
NOTE: External file G:\SASproject\Stock Analysis\Workspaces\EMWS6\Reg\EMPUBLISHSCORE.sas opened.
NOTE: External file G:\SASproject\Stock Analysis\Workspaces\EMWS6\Reg\EMFLOWSCORE.sas opened.
NOTE: There were 94 observations read from the data set EMWS6.PART_VALIDATE.
NOTE: View EMWS6.IMPT_VALIDATE.VIEW used (Total process time):
      real time           0.28 seconds
      cpu time            0.25 seconds
      
NOTE: There were 94 observations read from the data set EMWS6.TRANS_VALIDATE.
NOTE: There were 91 observations read from the data set EMWS6.PART_TRAIN.
NOTE: There were 91 observations read from the data set EMWS6.TRANS_TRAIN.
NOTE: View WORK.EM_DMREG.VIEW used (Total process time):
      real time           0.32 seconds
      cpu time            0.29 seconds
      
NOTE: There were 91 observations read from the data set EMWS6.IMPT_TRAIN.
NOTE: There were 91 observations read from the data set WORK.EM_DMREG.
NOTE: There were 94 observations read from the data set EMWS6.IMPT_VALIDATE.
NOTE: The data set EMWS6.REG_EMESTIMATE has 3 observations and 64 variables.
NOTE: The data set EMWS6.REG_OUTTERMS has 30 observations and 7 variables.
NOTE: The data set EMWS6.REG_MAPDS has 3 observations and 30 variables.
NOTE: The PROCEDURE DMREG printed pages 4-5.
NOTE: PROCEDURE DMREG used (Total process time):
      real time           0.35 seconds
      cpu time            0.32 seconds
      

11064  quit;

11065  proc datasets lib=WORK nolist;
11066  delete Reg_DMDB;
11067  run;

NOTE: The file WORK.REG_DMDB (memtype=DATA) was not found, but appears on a DELETE statement.
11068  quit;

NOTE: PROCEDURE DATASETS used (Total process time):
      real time           0.00 seconds
      cpu time            0.00 seconds
      

11069  proc datasets lib=WORK nolist;
11070  delete Reg_DMDB / memtype=catalog;
11071  run;

NOTE: Deleting WORK.REG_DMDB (memtype=CATALOG).
11072  quit;

NOTE: PROCEDURE DATASETS used (Total process time):
      real time           0.01 seconds
      cpu time            0.01 seconds
      

11073  data WORK.ESTIMATE;
11074  length _NAME_ $32;
11075  set EMWS6.Reg_EMESTIMATE;
11076  drop _AIC_--_VMISC_
11077  ;
11078  where _TYPE_ in('PARMS', 'T', 'P');
11079  select(_TYPE_);
11080  when('PARMS') _NAME_='Coefficient';
11081  when('T') _NAME_='tValue';
11082  when('P') _NAME_='PValue';
11083  otherwise;
11084  end;
11085  run;

NOTE: There were 3 observations read from the data set EMWS6.REG_EMESTIMATE.
      WHERE _TYPE_ in ('P', 'PARMS', 'T');
NOTE: The data set WORK.ESTIMATE has 3 observations and 32 variables.
NOTE: DATA statement used (Total process time):
      real time           0.01 seconds
      cpu time            0.01 seconds
      

11086  proc transpose data=WORK.ESTIMATE out=WORK.ESTIMATE(rename=(_NAME_=Effect));
11087  run;

NOTE: There were 3 observations read from the data set WORK.ESTIMATE.
NOTE: The data set WORK.ESTIMATE has 30 observations and 5 variables.
NOTE: PROCEDURE TRANSPOSE used (Total process time):
      real time           0.01 seconds
      cpu time            0.01 seconds
      

11088  proc transpose data=EMWS6.Reg_MAPDS out=WORK.MAP(rename=(_NAME_=Effect INPUT=Variable
11089  TARGET=TargetLevel
11090  ));
11091  var 'LOG_high_SELL'n--'sentiment0_HOLD'n;
11092  run;

NOTE: There were 3 observations read from the data set EMWS6.REG_MAPDS.
NOTE: The data set WORK.MAP has 28 observations and 5 variables.
NOTE: PROCEDURE TRANSPOSE used (Total process time):
      real time           0.01 seconds
      cpu time            0.01 seconds
      

11093  proc sort data=WORK.MAP;
11094  by Effect;
11095  run;

NOTE: There were 28 observations read from the data set WORK.MAP.
NOTE: The data set WORK.MAP has 28 observations and 5 variables.
NOTE: PROCEDURE SORT used (Total process time):
      real time           0.00 seconds
      cpu time            0.00 seconds
      

11096  proc sort data=WORK.ESTIMATE;
11097  by Effect;
11098  run;

NOTE: There were 30 observations read from the data set WORK.ESTIMATE.
NOTE: The data set WORK.ESTIMATE has 30 observations and 5 variables.
NOTE: PROCEDURE SORT used (Total process time):
      real time           0.00 seconds
      cpu time            0.00 seconds
      

11099  data EMWS6.Reg_EFFECTS(rename=(_LABEL_=EffectLabel));
11100  length Variable ClassLevel $32;
11101  merge WORK.ESTIMATE WORK.MAP;
11102  by Effect;
11103  label Effect = "%sysfunc(sasmsg(sashelp.dmine, rpt_effect_vlabel, NOQUOTE))" Variable = "%sysfunc(sasmsg(sashelp.dmine, rpt_variable_vlabel, NOQUOTE))" Sign = "%sysfunc(sasmsg(sashelp.dmine, rpt_sign_vlabel, NOQUOTE))" ClassLevel =
11104     "%sysfunc(sasmsg(sashelp.dmine, rpt_level_vlabel, NOQUOTE))" Abscoefficient = "%sysfunc(sasmsg(sashelp.dmine, rpt_abscoefficient_vlabel, NOQUOTE))" Coefficient = "%sysfunc(sasmsg(sashelp.dmine, rpt_coefficient_vlabel, NOQUOTE))" _LABEL_ =
11105     "%sysfunc(sasmsg(sashelp.dmine, rpt_effectLabel_vlabel, NOQUOTE))" CODE = "%sysfunc(sasmsg(sashelp.dmine, rpt_scorecodevar_vlabel, NOQUOTE))";
11106  label tvalue = "%sysfunc(sasmsg(sashelp.dmine, rpt_tvalue_vlabel,         NOQUOTE))" abstvalue = "%sysfunc(sasmsg(sashelp.dmine, rpt_absoluteTvalue_vlabel, NOQUOTE))" PValue = "%sysfunc(sasmsg(sashelp.dmine, rpt_pvalue_vlabel,         NOQUOTE))";
11107  abstvalue = abs(tValue);
11108  drop pos;
11109  length TargetLevel $32;
WARNING: Length of character variable TargetLevel has already been set. Use the LENGTH statement as the very first statement in the DATA STEP to declare the length of a character variable.
11110  label TargetLevel = "%sysfunc(sasmsg(sashelp.dmine, rpt_targetLevel_vlabel, NOQUOTE))";
11111  if index(Effect, 'Intercept') then do;
11112  variable = 'Intercept';
11113  TargetLevel = scan(_LABEL_, 2, '=');
11114  end;
11115  if ^indexc(variable, '*') then do;
11116  if length(effect)>length(variable) then classlevel = substr(effect, length(variable)+1);
11117  pos = index(classlevel, '_'!!TargetLevel);
11118  if pos> 1 then classlevel = substr(classlevel, 1, pos-1);
11119  else classlevel = '';
11120  end;
11121  if Effect eq '' then Effect = Variable;
11122  if coefficient < 0 then sign = '-';
11123  else sign = '+';
11124  abscoefficient = abs(coefficient);
11125  if _LABEL_ = '' then _LABEL_ = Effect;
11126  if coefficient ne . then output;
11127  run;

NOTE: Missing values were generated as a result of performing an operation on missing values.
      Each place is given by: (Number of times) at (Line):(Column).
      10 at 11107:13   
NOTE: There were 30 observations read from the data set WORK.ESTIMATE.
NOTE: There were 28 observations read from the data set WORK.MAP.
NOTE: The data set EMWS6.REG_EFFECTS has 30 observations and 12 variables.
NOTE: DATA statement used (Total process time):
      real time           0.03 seconds
      cpu time            0.03 seconds
      

11128  proc sort data =EMWS6.Reg_EFFECTS;
11129  by
11130  TargetLevel
11131  descending abstvalue;
11132  run;

NOTE: There were 30 observations read from the data set EMWS6.REG_EFFECTS.
NOTE: The data set EMWS6.REG_EFFECTS has 30 observations and 12 variables.
NOTE: PROCEDURE SORT used (Total process time):
      real time           0.00 seconds
      cpu time            0.00 seconds
      

11133  data EMWS6.Reg_EFFECTS;
11134  set EMWS6.Reg_EFFECTS;
11135  format TEffectNum 3.;
11136  label TEffectNum = "%sysfunc(sasmsg(sashelp.dmine, rpt_teffectnum_vlabel, NOQUOTE))";
11137  retain TEffectNum;
11138  by TargetLevel;
11139  if first.TargetLevel then TEffectNum =1;
11140  else TEffectNum + 1;
11141  run;

NOTE: There were 30 observations read from the data set EMWS6.REG_EFFECTS.
NOTE: The data set EMWS6.REG_EFFECTS has 30 observations and 13 variables.
NOTE: DATA statement used (Total process time):
      real time           0.01 seconds
      cpu time            0.01 seconds
      

11142  proc sort data =EMWS6.Reg_EFFECTS;
11143  by
11144  TargetLevel
11145  descending absCoefficient;
11146  run;

NOTE: There were 30 observations read from the data set EMWS6.REG_EFFECTS.
NOTE: The data set EMWS6.REG_EFFECTS has 30 observations and 13 variables.
NOTE: PROCEDURE SORT used (Total process time):
      real time           0.00 seconds
      cpu time            0.00 seconds
      

11147  data EMWS6.Reg_EFFECTS;
11148  set EMWS6.Reg_EFFECTS;
11149  format EffectNum 3.;
11150  label EffectNum = "%sysfunc(sasmsg(sashelp.dmine, rpt_effectnum_vlabel, NOQUOTE))";
11151  retain EffectNum;
11152  by TargetLevel;
11153  if first.TargetLevel then EffectNum =1;
11154  else EffectNum + 1;
11155  run;

NOTE: There were 30 observations read from the data set EMWS6.REG_EFFECTS.
NOTE: The data set EMWS6.REG_EFFECTS has 30 observations and 14 variables.
NOTE: DATA statement used (Total process time):
      real time           0.00 seconds
      cpu time            0.00 seconds
      

